2026-04-18 11:42:00.905 [info] Extension host with pid 16357 started
2026-04-18 11:42:00.998 [info] ExtensionService#_doActivateExtension vscode.github-authentication, startup: false, activationEvent: 'onAuthenticationRequest:github'
2026-04-18 11:42:01.038 [info] ExtensionService#_doActivateExtension vscode.emmet, startup: false, activationEvent: 'onLanguage'
2026-04-18 11:42:01.067 [info] ExtensionService#_doActivateExtension vscode.configuration-editing, startup: false, activationEvent: 'onLanguage:json'
2026-04-18 11:42:01.078 [info] ExtensionService#_doActivateExtension vscode.extension-editing, startup: false, activationEvent: 'onLanguage:json'
2026-04-18 11:42:01.101 [info] ExtensionService#_doActivateExtension vscode.json-language-features, startup: false, activationEvent: 'onLanguage:json'
2026-04-18 11:42:01.219 [info] ExtensionService#_doActivateExtension vscode.npm, startup: false, activationEvent: 'onLanguage:json'
2026-04-18 11:42:01.654 [info] ExtensionService#_doActivateExtension vscode.git-base, startup: true, activationEvent: '*'
2026-04-18 11:42:01.672 [info] ExtensionService#_doActivateExtension vscode.github, startup: true, activationEvent: '*'
2026-04-18 11:42:01.835 [info] Eager extensions activated
2026-04-18 11:42:01.838 [info] ExtensionService#_doActivateExtension vscode.debug-auto-launch, startup: false, activationEvent: 'onStartupFinished'
2026-04-18 11:42:01.845 [info] ExtensionService#_doActivateExtension vscode.merge-conflict, startup: false, activationEvent: 'onStartupFinished'
2026-04-18 11:42:22.573 [info] Extension host terminating: received terminate message from renderer
2026-04-18 11:42:22.589 [info] Extension host with pid 16357 exiting with code 0
2026-04-18 11:42:24.364 [info] Extension host with pid 17760 started
2026-04-18 11:42:24.364 [info] Skipping acquiring lock for /home/hp/.config/Code - OSS/User/workspaceStorage/5d27dd8f166a77e068b312ec77d5ae57.
2026-04-18 11:42:24.393 [info] ExtensionService#_doActivateExtension vscode.github-authentication, startup: false, activationEvent: 'onAuthenticationRequest:github'
2026-04-18 11:42:24.426 [info] ExtensionService#_doActivateExtension vscode.emmet, startup: false, activationEvent: 'onLanguage'
2026-04-18 11:42:24.576 [info] ExtensionService#_doActivateExtension vscode.git-base, startup: true, activationEvent: '*'
2026-04-18 11:42:24.609 [info] ExtensionService#_doActivateExtension vscode.github, startup: true, activationEvent: '*'
2026-04-18 11:42:24.773 [info] Eager extensions activated
2026-04-18 11:42:24.778 [info] ExtensionService#_doActivateExtension vscode.debug-auto-launch, startup: false, activationEvent: 'onStartupFinished'
2026-04-18 11:42:24.783 [info] ExtensionService#_doActivateExtension vscode.merge-conflict, startup: false, activationEvent: 'onStartupFinished'
2026-04-18 11:42:50.244 [info] Extension host terminating: received terminate message from renderer
2026-04-18 11:42:50.251 [info] Extension host with pid 17760 exiting with code 0
