2026-04-18 11:42:56.551 [info] Extension host with pid 18045 started
2026-04-18 11:42:56.551 [info] Skipping acquiring lock for /home/hp/.config/Code - OSS/User/workspaceStorage/5d27dd8f166a77e068b312ec77d5ae57.
2026-04-18 11:42:56.608 [info] ExtensionService#_doActivateExtension vscode.github-authentication, startup: false, activationEvent: 'onAuthenticationRequest:github'
2026-04-18 11:42:56.647 [info] ExtensionService#_doActivateExtension vscode.emmet, startup: false, activationEvent: 'onLanguage'
2026-04-18 11:42:56.700 [info] ExtensionService#_doActivateExtension vscode.git-base, startup: true, activationEvent: '*'
2026-04-18 11:42:56.716 [info] ExtensionService#_doActivateExtension vscode.github, startup: true, activationEvent: '*'
2026-04-18 11:42:56.853 [info] Eager extensions activated
2026-04-18 11:42:56.862 [info] ExtensionService#_doActivateExtension vscode.debug-auto-launch, startup: false, activationEvent: 'onStartupFinished'
2026-04-18 11:42:56.867 [info] ExtensionService#_doActivateExtension vscode.merge-conflict, startup: false, activationEvent: 'onStartupFinished'
2026-04-18 11:43:22.108 [info] Extension host terminating: received terminate message from renderer
2026-04-18 11:43:22.115 [info] Extension host with pid 18045 exiting with code 0
2026-04-18 11:43:23.786 [info] Extension host with pid 19404 started
2026-04-18 11:43:23.786 [info] Skipping acquiring lock for /home/hp/.config/Code - OSS/User/workspaceStorage/6fd893ae707afef07191bfa7686df3b2.
2026-04-18 11:43:23.804 [info] ExtensionService#_doActivateExtension vscode.github-authentication, startup: false, activationEvent: 'onAuthenticationRequest:github'
2026-04-18 11:43:23.839 [info] ExtensionService#_doActivateExtension vscode.emmet, startup: false, activationEvent: 'onLanguage'
2026-04-18 11:43:23.890 [info] ExtensionService#_doActivateExtension vscode.git-base, startup: true, activationEvent: '*'
2026-04-18 11:43:23.895 [info] ExtensionService#_doActivateExtension vscode.github, startup: true, activationEvent: '*'
2026-04-18 11:43:23.988 [info] Eager extensions activated
2026-04-18 11:43:24.004 [info] ExtensionService#_doActivateExtension vscode.debug-auto-launch, startup: false, activationEvent: 'onStartupFinished'
2026-04-18 11:43:24.009 [info] ExtensionService#_doActivateExtension vscode.merge-conflict, startup: false, activationEvent: 'onStartupFinished'
2026-04-18 11:43:26.439 [info] ExtensionService#_doActivateExtension vscode.git, startup: false, activationEvent: 'api', root cause: vscode.github
